14:23:54.5031248 [INFO] WFL execution logging initialized at 2025-05-28 09:23:54 - ./Nexus\wfl_exec.log
14:23:54.5060076 [DEBUG] (1) wfl::interpreter: [C:\logbie\wfl\src\interpreter\mod.rs:1921] EXEC: Function call: log_message("Starting Nexus WFL Integration Test Suite...")
14:23:54.5060762 [DEBUG] (1) wfl::interpreter: [C:\logbie\wfl\src\interpreter\mod.rs:2169] EXEC: Declaration: 'message_text' = "Starting Nexus WFL Integration Test Suite..."
14:23:54.5061264 [DEBUG] (1) wfl::interpreter: [C:\logbie\wfl\src\interpreter\mod.rs:2184] EXEC: ┌─ Block entry: function log_message
14:23:54.5062572 [DEBUG] (1) wfl::interpreter: [C:\logbie\wfl\src\interpreter\mod.rs:2194] EXEC:   └─ Block exit: function log_message
14:23:54.5063106 [DEBUG] (1) wfl::interpreter: [C:\logbie\wfl\src\interpreter\mod.rs:1932] EXEC: Function return: log_message = null
14:23:54.5063627 [DEBUG] (1) wfl::interpreter: [C:\logbie\wfl\src\interpreter\mod.rs:1921] EXEC: Function call: log_message("Starting Arithmetic Tests...")
14:23:54.5064065 [DEBUG] (1) wfl::interpreter: [C:\logbie\wfl\src\interpreter\mod.rs:2169] EXEC: Declaration: 'message_text' = "Starting Arithmetic Tests..."
14:23:54.5064518 [DEBUG] (1) wfl::interpreter: [C:\logbie\wfl\src\interpreter\mod.rs:2184] EXEC: ┌─ Block entry: function log_message
14:23:54.5065258 [DEBUG] (1) wfl::interpreter: [C:\logbie\wfl\src\interpreter\mod.rs:2194] EXEC:   └─ Block exit: function log_message
14:23:54.5065689 [DEBUG] (1) wfl::interpreter: [C:\logbie\wfl\src\interpreter\mod.rs:1932] EXEC: Function return: log_message = null
14:23:54.5066121 [DEBUG] (1) wfl::interpreter: [C:\logbie\wfl\src\interpreter\mod.rs:658] EXEC: Declaration: 'a' = 6
14:23:54.5066617 [DEBUG] (1) wfl::interpreter: [C:\logbie\wfl\src\interpreter\mod.rs:658] EXEC: Declaration: 'b' = 2
14:23:54.5067078 [DEBUG] (1) wfl::interpreter: [C:\logbie\wfl\src\interpreter\mod.rs:658] EXEC: Declaration: 'add_result' = 8
14:23:54.5067538 [DEBUG] (1) wfl::interpreter: [C:\logbie\wfl\src\interpreter\mod.rs:687] EXEC: Control flow: if condition = true
14:23:54.5067933 [DEBUG] (1) wfl::interpreter: [C:\logbie\wfl\src\interpreter\mod.rs:693] EXEC:   ┌─ Block entry: if branch
14:23:54.5068357 [DEBUG] (1) wfl::interpreter: [C:\logbie\wfl\src\interpreter\mod.rs:1921] EXEC:     Function call: log_message("Addition test: PASS")
14:23:54.5068795 [DEBUG] (1) wfl::interpreter: [C:\logbie\wfl\src\interpreter\mod.rs:2169] EXEC:     Declaration: 'message_text' = "Addition test: PASS"
14:23:54.5069249 [DEBUG] (1) wfl::interpreter: [C:\logbie\wfl\src\interpreter\mod.rs:2184] EXEC:     ┌─ Block entry: function log_message
14:23:54.5070398 [DEBUG] (1) wfl::interpreter: [C:\logbie\wfl\src\interpreter\mod.rs:2194] EXEC:       └─ Block exit: function log_message
14:23:54.5070924 [DEBUG] (1) wfl::interpreter: [C:\logbie\wfl\src\interpreter\mod.rs:1932] EXEC:     Function return: log_message = null
14:23:54.5071398 [DEBUG] (1) wfl::interpreter: [C:\logbie\wfl\src\interpreter\mod.rs:696] EXEC:   └─ Block exit: if branch
14:23:54.5071866 [DEBUG] (1) wfl::interpreter: [C:\logbie\wfl\src\interpreter\mod.rs:658] EXEC: Declaration: 'sub_result' = 4
14:23:54.5072346 [DEBUG] (1) wfl::interpreter: [C:\logbie\wfl\src\interpreter\mod.rs:687] EXEC: Control flow: if condition = true
14:23:54.5072756 [DEBUG] (1) wfl::interpreter: [C:\logbie\wfl\src\interpreter\mod.rs:693] EXEC:   ┌─ Block entry: if branch
14:23:54.5073222 [DEBUG] (1) wfl::interpreter: [C:\logbie\wfl\src\interpreter\mod.rs:1921] EXEC:     Function call: log_message("Subtraction test: PASS")
14:23:54.507371 [DEBUG] (1) wfl::interpreter: [C:\logbie\wfl\src\interpreter\mod.rs:2169] EXEC:     Declaration: 'message_text' = "Subtraction test: PASS"
14:23:54.5074212 [DEBUG] (1) wfl::interpreter: [C:\logbie\wfl\src\interpreter\mod.rs:2184] EXEC:     ┌─ Block entry: function log_message
14:23:54.5074901 [DEBUG] (1) wfl::interpreter: [C:\logbie\wfl\src\interpreter\mod.rs:2194] EXEC:       └─ Block exit: function log_message
14:23:54.5075343 [DEBUG] (1) wfl::interpreter: [C:\logbie\wfl\src\interpreter\mod.rs:1932] EXEC:     Function return: log_message = null
14:23:54.5076008 [DEBUG] (1) wfl::interpreter: [C:\logbie\wfl\src\interpreter\mod.rs:696] EXEC:   └─ Block exit: if branch
14:23:54.5076447 [DEBUG] (1) wfl::interpreter: [C:\logbie\wfl\src\interpreter\mod.rs:658] EXEC: Declaration: 'mul_result' = 12
14:23:54.5076904 [DEBUG] (1) wfl::interpreter: [C:\logbie\wfl\src\interpreter\mod.rs:687] EXEC: Control flow: if condition = true
14:23:54.5077296 [DEBUG] (1) wfl::interpreter: [C:\logbie\wfl\src\interpreter\mod.rs:693] EXEC:   ┌─ Block entry: if branch
14:23:54.5077736 [DEBUG] (1) wfl::interpreter: [C:\logbie\wfl\src\interpreter\mod.rs:1921] EXEC:     Function call: log_message("Multiplication test: PASS")
14:23:54.5078203 [DEBUG] (1) wfl::interpreter: [C:\logbie\wfl\src\interpreter\mod.rs:2169] EXEC:     Declaration: 'message_text' = "Multiplication test: PASS"
14:23:54.5078681 [DEBUG] (1) wfl::interpreter: [C:\logbie\wfl\src\interpreter\mod.rs:2184] EXEC:     ┌─ Block entry: function log_message
14:23:54.5079337 [DEBUG] (1) wfl::interpreter: [C:\logbie\wfl\src\interpreter\mod.rs:2194] EXEC:       └─ Block exit: function log_message
14:23:54.5079772 [DEBUG] (1) wfl::interpreter: [C:\logbie\wfl\src\interpreter\mod.rs:1932] EXEC:     Function return: log_message = null
14:23:54.5080216 [DEBUG] (1) wfl::interpreter: [C:\logbie\wfl\src\interpreter\mod.rs:696] EXEC:   └─ Block exit: if branch
14:23:54.5080638 [DEBUG] (1) wfl::interpreter: [C:\logbie\wfl\src\interpreter\mod.rs:658] EXEC: Declaration: 'div_result' = 3
14:23:54.5081088 [DEBUG] (1) wfl::interpreter: [C:\logbie\wfl\src\interpreter\mod.rs:687] EXEC: Control flow: if condition = true
14:23:54.5081479 [DEBUG] (1) wfl::interpreter: [C:\logbie\wfl\src\interpreter\mod.rs:693] EXEC:   ┌─ Block entry: if branch
14:23:54.508191 [DEBUG] (1) wfl::interpreter: [C:\logbie\wfl\src\interpreter\mod.rs:1921] EXEC:     Function call: log_message("Division test: PASS")
14:23:54.5082375 [DEBUG] (1) wfl::interpreter: [C:\logbie\wfl\src\interpreter\mod.rs:2169] EXEC:     Declaration: 'message_text' = "Division test: PASS"
14:23:54.5082851 [DEBUG] (1) wfl::interpreter: [C:\logbie\wfl\src\interpreter\mod.rs:2184] EXEC:     ┌─ Block entry: function log_message
14:23:54.5083594 [DEBUG] (1) wfl::interpreter: [C:\logbie\wfl\src\interpreter\mod.rs:2194] EXEC:       └─ Block exit: function log_message
14:23:54.5084064 [DEBUG] (1) wfl::interpreter: [C:\logbie\wfl\src\interpreter\mod.rs:1932] EXEC:     Function return: log_message = null
14:23:54.508453 [DEBUG] (1) wfl::interpreter: [C:\logbie\wfl\src\interpreter\mod.rs:696] EXEC:   └─ Block exit: if branch
14:23:54.5084957 [DEBUG] (1) wfl::interpreter: [C:\logbie\wfl\src\interpreter\mod.rs:658] EXEC: Declaration: 'x' = 5
14:23:54.5085417 [DEBUG] (1) wfl::interpreter: [C:\logbie\wfl\src\interpreter\mod.rs:658] EXEC: Declaration: 'y' = 2
14:23:54.5085888 [DEBUG] (1) wfl::interpreter: [C:\logbie\wfl\src\interpreter\mod.rs:658] EXEC: Declaration: 'frac_result' = 2.5
14:23:54.5086381 [DEBUG] (1) wfl::interpreter: [C:\logbie\wfl\src\interpreter\mod.rs:658] EXEC: Declaration: 'comparison_value' = 5
14:23:54.5086867 [DEBUG] (1) wfl::interpreter: [C:\logbie\wfl\src\interpreter\mod.rs:687] EXEC: Control flow: if condition = true
14:23:54.5087267 [DEBUG] (1) wfl::interpreter: [C:\logbie\wfl\src\interpreter\mod.rs:693] EXEC:   ┌─ Block entry: if branch
14:23:54.5087805 [DEBUG] (1) wfl::interpreter: [C:\logbie\wfl\src\interpreter\mod.rs:1921] EXEC:     Function call: log_message("Fractional division test: PASS")
14:23:54.5088299 [DEBUG] (1) wfl::interpreter: [C:\logbie\wfl\src\interpreter\mod.rs:2169] EXEC:     Declaration: 'message_text' = "Fractional division test: PASS"
14:23:54.5088779 [DEBUG] (1) wfl::interpreter: [C:\logbie\wfl\src\interpreter\mod.rs:2184] EXEC:     ┌─ Block entry: function log_message
14:23:54.5089537 [DEBUG] (1) wfl::interpreter: [C:\logbie\wfl\src\interpreter\mod.rs:2194] EXEC:       └─ Block exit: function log_message
14:23:54.5089988 [DEBUG] (1) wfl::interpreter: [C:\logbie\wfl\src\interpreter\mod.rs:1932] EXEC:     Function return: log_message = null
14:23:54.5090464 [DEBUG] (1) wfl::interpreter: [C:\logbie\wfl\src\interpreter\mod.rs:696] EXEC:   └─ Block exit: if branch
14:23:54.5090912 [DEBUG] (1) wfl::interpreter: [C:\logbie\wfl\src\interpreter\mod.rs:1921] EXEC: Function call: log_message("Arithmetic Tests completed.")
14:23:54.5091364 [DEBUG] (1) wfl::interpreter: [C:\logbie\wfl\src\interpreter\mod.rs:2169] EXEC: Declaration: 'message_text' = "Arithmetic Tests completed."
14:23:54.5091833 [DEBUG] (1) wfl::interpreter: [C:\logbie\wfl\src\interpreter\mod.rs:2184] EXEC: ┌─ Block entry: function log_message
14:23:54.5092648 [DEBUG] (1) wfl::interpreter: [C:\logbie\wfl\src\interpreter\mod.rs:2194] EXEC:   └─ Block exit: function log_message
14:23:54.5093111 [DEBUG] (1) wfl::interpreter: [C:\logbie\wfl\src\interpreter\mod.rs:1932] EXEC: Function return: log_message = null
14:23:54.5093603 [DEBUG] (1) wfl::interpreter: [C:\logbie\wfl\src\interpreter\mod.rs:1921] EXEC: Function call: log_message("Starting Control Flow (If/Else) Tests...")
14:23:54.5094064 [DEBUG] (1) wfl::interpreter: [C:\logbie\wfl\src\interpreter\mod.rs:2169] EXEC: Declaration: 'message_text' = "Starting Control Flow (If/Else) Tests..."
14:23:54.5094547 [DEBUG] (1) wfl::interpreter: [C:\logbie\wfl\src\interpreter\mod.rs:2184] EXEC: ┌─ Block entry: function log_message
14:23:54.5095283 [DEBUG] (1) wfl::interpreter: [C:\logbie\wfl\src\interpreter\mod.rs:2194] EXEC:   └─ Block exit: function log_message
14:23:54.5095728 [DEBUG] (1) wfl::interpreter: [C:\logbie\wfl\src\interpreter\mod.rs:1932] EXEC: Function return: log_message = null
14:23:54.5096167 [DEBUG] (1) wfl::interpreter: [C:\logbie\wfl\src\interpreter\mod.rs:658] EXEC: Declaration: 'm' = 10
14:23:54.5096625 [DEBUG] (1) wfl::interpreter: [C:\logbie\wfl\src\interpreter\mod.rs:658] EXEC: Declaration: 'n' = 5
14:23:54.5097078 [DEBUG] (1) wfl::interpreter: [C:\logbie\wfl\src\interpreter\mod.rs:687] EXEC: Control flow: if condition = true
14:23:54.5097468 [DEBUG] (1) wfl::interpreter: [C:\logbie\wfl\src\interpreter\mod.rs:693] EXEC:   ┌─ Block entry: if branch
14:23:54.5097878 [DEBUG] (1) wfl::interpreter: [C:\logbie\wfl\src\interpreter\mod.rs:658] EXEC:     Declaration: 'result1' = "yes"
14:23:54.5098359 [DEBUG] (1) wfl::interpreter: [C:\logbie\wfl\src\interpreter\mod.rs:696] EXEC:   └─ Block exit: if branch
14:23:54.5098771 [DEBUG] (1) wfl::interpreter: [C:\logbie\wfl\src\interpreter\mod.rs:687] EXEC: Control flow: if condition = true
14:23:54.509916 [DEBUG] (1) wfl::interpreter: [C:\logbie\wfl\src\interpreter\mod.rs:693] EXEC:   ┌─ Block entry: if branch
14:23:54.5099594 [DEBUG] (1) wfl::interpreter: [C:\logbie\wfl\src\interpreter\mod.rs:1921] EXEC:     Function call: log_message("If condition TRUE branch test: PASS")
14:23:54.510006 [DEBUG] (1) wfl::interpreter: [C:\logbie\wfl\src\interpreter\mod.rs:2169] EXEC:     Declaration: 'message_text' = "If condition TRUE branch test: PASS"
14:23:54.5100538 [DEBUG] (1) wfl::interpreter: [C:\logbie\wfl\src\interpreter\mod.rs:2184] EXEC:     ┌─ Block entry: function log_message
14:23:54.5101324 [DEBUG] (1) wfl::interpreter: [C:\logbie\wfl\src\interpreter\mod.rs:2194] EXEC:       └─ Block exit: function log_message
14:23:54.5101792 [DEBUG] (1) wfl::interpreter: [C:\logbie\wfl\src\interpreter\mod.rs:1932] EXEC:     Function return: log_message = null
14:23:54.5102255 [DEBUG] (1) wfl::interpreter: [C:\logbie\wfl\src\interpreter\mod.rs:696] EXEC:   └─ Block exit: if branch
14:23:54.5102696 [DEBUG] (1) wfl::interpreter: [C:\logbie\wfl\src\interpreter\mod.rs:687] EXEC: Control flow: if condition = false
14:23:54.5103098 [DEBUG] (1) wfl::interpreter: [C:\logbie\wfl\src\interpreter\mod.rs:702] EXEC:   ┌─ Block entry: else branch
14:23:54.5103519 [DEBUG] (1) wfl::interpreter: [C:\logbie\wfl\src\interpreter\mod.rs:658] EXEC:     Declaration: 'result2' = "no"
14:23:54.5104012 [DEBUG] (1) wfl::interpreter: [C:\logbie\wfl\src\interpreter\mod.rs:705] EXEC:   └─ Block exit: else branch
14:23:54.5104463 [DEBUG] (1) wfl::interpreter: [C:\logbie\wfl\src\interpreter\mod.rs:687] EXEC: Control flow: if condition = true
14:23:54.5104868 [DEBUG] (1) wfl::interpreter: [C:\logbie\wfl\src\interpreter\mod.rs:693] EXEC:   ┌─ Block entry: if branch
14:23:54.5105314 [DEBUG] (1) wfl::interpreter: [C:\logbie\wfl\src\interpreter\mod.rs:1921] EXEC:     Function call: log_message("If condition FALSE branch test: PASS")
14:23:54.5105796 [DEBUG] (1) wfl::interpreter: [C:\logbie\wfl\src\interpreter\mod.rs:2169] EXEC:     Declaration: 'message_text' = "If condition FALSE branch test: PASS"
14:23:54.5106293 [DEBUG] (1) wfl::interpreter: [C:\logbie\wfl\src\interpreter\mod.rs:2184] EXEC:     ┌─ Block entry: function log_message
14:23:54.5107019 [DEBUG] (1) wfl::interpreter: [C:\logbie\wfl\src\interpreter\mod.rs:2194] EXEC:       └─ Block exit: function log_message
14:23:54.5107466 [DEBUG] (1) wfl::interpreter: [C:\logbie\wfl\src\interpreter\mod.rs:1932] EXEC:     Function return: log_message = null
14:23:54.5107911 [DEBUG] (1) wfl::interpreter: [C:\logbie\wfl\src\interpreter\mod.rs:696] EXEC:   └─ Block exit: if branch
14:23:54.510832 [DEBUG] (1) wfl::interpreter: [C:\logbie\wfl\src\interpreter\mod.rs:658] EXEC: Declaration: 'result3' = "no"
14:23:54.5108809 [DEBUG] (1) wfl::interpreter: [C:\logbie\wfl\src\interpreter\mod.rs:687] EXEC: Control flow: if condition = true
14:23:54.5109199 [DEBUG] (1) wfl::interpreter: [C:\logbie\wfl\src\interpreter\mod.rs:693] EXEC:   ┌─ Block entry: if branch
14:23:54.5109602 [DEBUG] (1) wfl::interpreter: [C:\logbie\wfl\src\interpreter\mod.rs:671] EXEC:     Assignment: 'result3' = "yes"
14:23:54.511008 [DEBUG] (1) wfl::interpreter: [C:\logbie\wfl\src\interpreter\mod.rs:696] EXEC:   └─ Block exit: if branch
14:23:54.5110488 [DEBUG] (1) wfl::interpreter: [C:\logbie\wfl\src\interpreter\mod.rs:687] EXEC: Control flow: if condition = true
14:23:54.5110877 [DEBUG] (1) wfl::interpreter: [C:\logbie\wfl\src\interpreter\mod.rs:693] EXEC:   ┌─ Block entry: if branch
14:23:54.5111304 [DEBUG] (1) wfl::interpreter: [C:\logbie\wfl\src\interpreter\mod.rs:1921] EXEC:     Function call: log_message("If (no else) true-case test: PASS")
14:23:54.5111765 [DEBUG] (1) wfl::interpreter: [C:\logbie\wfl\src\interpreter\mod.rs:2169] EXEC:     Declaration: 'message_text' = "If (no else) true-case test: PASS"
14:23:54.5112243 [DEBUG] (1) wfl::interpreter: [C:\logbie\wfl\src\interpreter\mod.rs:2184] EXEC:     ┌─ Block entry: function log_message
14:23:54.5112869 [DEBUG] (1) wfl::interpreter: [C:\logbie\wfl\src\interpreter\mod.rs:2194] EXEC:       └─ Block exit: function log_message
14:23:54.5113307 [DEBUG] (1) wfl::interpreter: [C:\logbie\wfl\src\interpreter\mod.rs:1932] EXEC:     Function return: log_message = null
14:23:54.5113749 [DEBUG] (1) wfl::interpreter: [C:\logbie\wfl\src\interpreter\mod.rs:696] EXEC:   └─ Block exit: if branch
14:23:54.5114157 [DEBUG] (1) wfl::interpreter: [C:\logbie\wfl\src\interpreter\mod.rs:658] EXEC: Declaration: 'result4' = "yes"
14:23:54.5114657 [DEBUG] (1) wfl::interpreter: [C:\logbie\wfl\src\interpreter\mod.rs:671] EXEC: Assignment: 'result4' = "no"
14:23:54.5115147 [DEBUG] (1) wfl::interpreter: [C:\logbie\wfl\src\interpreter\mod.rs:687] EXEC: Control flow: if condition = true
14:23:54.5115537 [DEBUG] (1) wfl::interpreter: [C:\logbie\wfl\src\interpreter\mod.rs:693] EXEC:   ┌─ Block entry: if branch
14:23:54.5115962 [DEBUG] (1) wfl::interpreter: [C:\logbie\wfl\src\interpreter\mod.rs:1921] EXEC:     Function call: log_message("Single-line if/then/otherwise test: PASS")
14:23:54.5116424 [DEBUG] (1) wfl::interpreter: [C:\logbie\wfl\src\interpreter\mod.rs:2169] EXEC:     Declaration: 'message_text' = "Single-line if/then/otherwise test: PASS"
14:23:54.5116899 [DEBUG] (1) wfl::interpreter: [C:\logbie\wfl\src\interpreter\mod.rs:2184] EXEC:     ┌─ Block entry: function log_message
14:23:54.5117597 [DEBUG] (1) wfl::interpreter: [C:\logbie\wfl\src\interpreter\mod.rs:2194] EXEC:       └─ Block exit: function log_message
14:23:54.5118038 [DEBUG] (1) wfl::interpreter: [C:\logbie\wfl\src\interpreter\mod.rs:1932] EXEC:     Function return: log_message = null
14:23:54.5118649 [DEBUG] (1) wfl::interpreter: [C:\logbie\wfl\src\interpreter\mod.rs:696] EXEC:   └─ Block exit: if branch
14:23:54.5119107 [DEBUG] (1) wfl::interpreter: [C:\logbie\wfl\src\interpreter\mod.rs:1921] EXEC: Function call: log_message("Control Flow (If/Else) Tests completed.")
14:23:54.5119556 [DEBUG] (1) wfl::interpreter: [C:\logbie\wfl\src\interpreter\mod.rs:2169] EXEC: Declaration: 'message_text' = "Control Flow (If/Else) Tests completed."
14:23:54.512003 [DEBUG] (1) wfl::interpreter: [C:\logbie\wfl\src\interpreter\mod.rs:2184] EXEC: ┌─ Block entry: function log_message
14:23:54.5120982 [DEBUG] (1) wfl::interpreter: [C:\logbie\wfl\src\interpreter\mod.rs:2194] EXEC:   └─ Block exit: function log_message
14:23:54.5121842 [DEBUG] (1) wfl::interpreter: [C:\logbie\wfl\src\interpreter\mod.rs:1932] EXEC: Function return: log_message = null
14:23:54.5122688 [DEBUG] (1) wfl::interpreter: [C:\logbie\wfl\src\interpreter\mod.rs:1921] EXEC: Function call: log_message("Starting Loop Tests...")
14:23:54.5123889 [DEBUG] (1) wfl::interpreter: [C:\logbie\wfl\src\interpreter\mod.rs:2169] EXEC: Declaration: 'message_text' = "Starting Loop Tests..."
14:23:54.5124673 [DEBUG] (1) wfl::interpreter: [C:\logbie\wfl\src\interpreter\mod.rs:2184] EXEC: ┌─ Block entry: function log_message
14:23:54.5125399 [DEBUG] (1) wfl::interpreter: [C:\logbie\wfl\src\interpreter\mod.rs:2194] EXEC:   └─ Block exit: function log_message
14:23:54.5125846 [DEBUG] (1) wfl::interpreter: [C:\logbie\wfl\src\interpreter\mod.rs:1932] EXEC: Function return: log_message = null
14:23:54.5126281 [DEBUG] (1) wfl::interpreter: [C:\logbie\wfl\src\interpreter\mod.rs:658] EXEC: Declaration: 'sum_count' = 0
14:23:54.5126754 [DEBUG] (1) wfl::interpreter: [C:\logbie\wfl\src\interpreter\mod.rs:809] EXEC: Count loop: resetting state before evaluation
14:23:54.5127194 [DEBUG] (1) wfl::interpreter: [C:\logbie\wfl\src\interpreter\mod.rs:671] EXEC:   Assignment: 'sum_count' = 1
14:23:54.512768 [DEBUG] (1) wfl::interpreter: [C:\logbie\wfl\src\interpreter\mod.rs:671] EXEC:   Assignment: 'sum_count' = 3
14:23:54.5128133 [DEBUG] (1) wfl::interpreter: [C:\logbie\wfl\src\interpreter\mod.rs:671] EXEC:   Assignment: 'sum_count' = 6
14:23:54.51286 [DEBUG] (1) wfl::interpreter: [C:\logbie\wfl\src\interpreter\mod.rs:671] EXEC:   Assignment: 'sum_count' = 10
14:23:54.5129103 [DEBUG] (1) wfl::interpreter: [C:\logbie\wfl\src\interpreter\mod.rs:671] EXEC:   Assignment: 'sum_count' = 15
14:23:54.5129577 [DEBUG] (1) wfl::interpreter: [C:\logbie\wfl\src\interpreter\mod.rs:687] EXEC: Control flow: if condition = true
14:23:54.512996 [DEBUG] (1) wfl::interpreter: [C:\logbie\wfl\src\interpreter\mod.rs:693] EXEC:   ┌─ Block entry: if branch
14:23:54.5130413 [DEBUG] (1) wfl::interpreter: [C:\logbie\wfl\src\interpreter\mod.rs:1921] EXEC:     Function call: log_message("Count loop test (1 to 5 sum): PASS")
14:23:54.5130876 [DEBUG] (1) wfl::interpreter: [C:\logbie\wfl\src\interpreter\mod.rs:2169] EXEC:     Declaration: 'message_text' = "Count loop test (1 to 5 sum): PASS"
14:23:54.5131337 [DEBUG] (1) wfl::interpreter: [C:\logbie\wfl\src\interpreter\mod.rs:2184] EXEC:     ┌─ Block entry: function log_message
14:23:54.5132098 [DEBUG] (1) wfl::interpreter: [C:\logbie\wfl\src\interpreter\mod.rs:2194] EXEC:       └─ Block exit: function log_message
14:23:54.5132527 [DEBUG] (1) wfl::interpreter: [C:\logbie\wfl\src\interpreter\mod.rs:1932] EXEC:     Function return: log_message = null
14:23:54.5132952 [DEBUG] (1) wfl::interpreter: [C:\logbie\wfl\src\interpreter\mod.rs:696] EXEC:   └─ Block exit: if branch
14:23:54.5133341 [DEBUG] (1) wfl::interpreter: [C:\logbie\wfl\src\interpreter\mod.rs:658] EXEC: Declaration: 'numbers' = []
14:23:54.5133855 [DEBUG] (1) wfl::interpreter: [C:\logbie\wfl\src\interpreter\mod.rs:658] EXEC: Declaration: 'sum_for_each' = 0
14:23:54.513439 [DEBUG] (1) wfl::interpreter: [C:\logbie\wfl\src\interpreter\mod.rs:671] EXEC:   Assignment: 'sum_for_each' = 1
14:23:54.5134877 [DEBUG] (1) wfl::interpreter: [C:\logbie\wfl\src\interpreter\mod.rs:671] EXEC:   Assignment: 'sum_for_each' = 3
14:23:54.5135331 [DEBUG] (1) wfl::interpreter: [C:\logbie\wfl\src\interpreter\mod.rs:671] EXEC:   Assignment: 'sum_for_each' = 6
14:23:54.5135792 [DEBUG] (1) wfl::interpreter: [C:\logbie\wfl\src\interpreter\mod.rs:658] EXEC: Declaration: 'count1' = 1
14:23:54.5136204 [DEBUG] (1) wfl::interpreter: [C:\logbie\wfl\src\interpreter\mod.rs:658] EXEC: Declaration: 'sum_while' = 0
14:23:54.5136667 [DEBUG] (1) wfl::interpreter: [C:\logbie\wfl\src\interpreter\mod.rs:671] EXEC:   Assignment: 'sum_while' = 1
14:23:54.5137102 [DEBUG] (1) wfl::interpreter: [C:\logbie\wfl\src\interpreter\mod.rs:671] EXEC:   Assignment: 'count1' = 2
14:23:54.5137559 [DEBUG] (1) wfl::interpreter: [C:\logbie\wfl\src\interpreter\mod.rs:671] EXEC:   Assignment: 'sum_while' = 3
14:23:54.5137993 [DEBUG] (1) wfl::interpreter: [C:\logbie\wfl\src\interpreter\mod.rs:671] EXEC:   Assignment: 'count1' = 3
14:23:54.5138449 [DEBUG] (1) wfl::interpreter: [C:\logbie\wfl\src\interpreter\mod.rs:671] EXEC:   Assignment: 'sum_while' = 6
14:23:54.5138883 [DEBUG] (1) wfl::interpreter: [C:\logbie\wfl\src\interpreter\mod.rs:671] EXEC:   Assignment: 'count1' = 4
14:23:54.5139344 [DEBUG] (1) wfl::interpreter: [C:\logbie\wfl\src\interpreter\mod.rs:671] EXEC:   Assignment: 'sum_while' = 10
14:23:54.5139794 [DEBUG] (1) wfl::interpreter: [C:\logbie\wfl\src\interpreter\mod.rs:671] EXEC:   Assignment: 'count1' = 5
14:23:54.5140247 [DEBUG] (1) wfl::interpreter: [C:\logbie\wfl\src\interpreter\mod.rs:671] EXEC:   Assignment: 'sum_while' = 15
14:23:54.5140682 [DEBUG] (1) wfl::interpreter: [C:\logbie\wfl\src\interpreter\mod.rs:671] EXEC:   Assignment: 'count1' = 6
14:23:54.5141141 [DEBUG] (1) wfl::interpreter: [C:\logbie\wfl\src\interpreter\mod.rs:687] EXEC: Control flow: if condition = true
14:23:54.5141515 [DEBUG] (1) wfl::interpreter: [C:\logbie\wfl\src\interpreter\mod.rs:693] EXEC:   ┌─ Block entry: if branch
14:23:54.5141922 [DEBUG] (1) wfl::interpreter: [C:\logbie\wfl\src\interpreter\mod.rs:1921] EXEC:     Function call: log_message("While loop test (1 to 5 sum): PASS")
14:23:54.5142364 [DEBUG] (1) wfl::interpreter: [C:\logbie\wfl\src\interpreter\mod.rs:2169] EXEC:     Declaration: 'message_text' = "While loop test (1 to 5 sum): PASS"
14:23:54.5142813 [DEBUG] (1) wfl::interpreter: [C:\logbie\wfl\src\interpreter\mod.rs:2184] EXEC:     ┌─ Block entry: function log_message
14:23:54.5143736 [DEBUG] (1) wfl::interpreter: [C:\logbie\wfl\src\interpreter\mod.rs:2194] EXEC:       └─ Block exit: function log_message
14:23:54.5144165 [DEBUG] (1) wfl::interpreter: [C:\logbie\wfl\src\interpreter\mod.rs:1932] EXEC:     Function return: log_message = null
14:23:54.5144588 [DEBUG] (1) wfl::interpreter: [C:\logbie\wfl\src\interpreter\mod.rs:696] EXEC:   └─ Block exit: if branch
14:23:54.5144975 [DEBUG] (1) wfl::interpreter: [C:\logbie\wfl\src\interpreter\mod.rs:658] EXEC: Declaration: 'count2' = 0
14:23:54.5145398 [DEBUG] (1) wfl::interpreter: [C:\logbie\wfl\src\interpreter\mod.rs:658] EXEC: Declaration: 'total_odds' = 0
14:23:54.5145856 [DEBUG] (1) wfl::interpreter: [C:\logbie\wfl\src\interpreter\mod.rs:671] EXEC:   Assignment: 'count2' = 1
14:23:54.5146304 [DEBUG] (1) wfl::interpreter: [C:\logbie\wfl\src\interpreter\mod.rs:687] EXEC:   Control flow: if condition = false
14:23:54.5146712 [DEBUG] (1) wfl::interpreter: [C:\logbie\wfl\src\interpreter\mod.rs:687] EXEC:   Control flow: if condition = false
14:23:54.5147182 [DEBUG] (1) wfl::interpreter: [C:\logbie\wfl\src\interpreter\mod.rs:1921] EXEC:   Function call: log_message("Debug: Adding odd number 1 to total_odds")
14:23:54.5147622 [DEBUG] (1) wfl::interpreter: [C:\logbie\wfl\src\interpreter\mod.rs:2169] EXEC:   Declaration: 'message_text' = "Debug: Adding odd number 1 to total_odds"
14:23:54.5148076 [DEBUG] (1) wfl::interpreter: [C:\logbie\wfl\src\interpreter\mod.rs:2184] EXEC:   ┌─ Block entry: function log_message
14:23:54.514884 [DEBUG] (1) wfl::interpreter: [C:\logbie\wfl\src\interpreter\mod.rs:2194] EXEC:     └─ Block exit: function log_message
14:23:54.5149299 [DEBUG] (1) wfl::interpreter: [C:\logbie\wfl\src\interpreter\mod.rs:1932] EXEC:   Function return: log_message = null
14:23:54.5149756 [DEBUG] (1) wfl::interpreter: [C:\logbie\wfl\src\interpreter\mod.rs:671] EXEC:   Assignment: 'total_odds' = 1
14:23:54.5150228 [DEBUG] (1) wfl::interpreter: [C:\logbie\wfl\src\interpreter\mod.rs:671] EXEC:   Assignment: 'count2' = 2
14:23:54.5150674 [DEBUG] (1) wfl::interpreter: [C:\logbie\wfl\src\interpreter\mod.rs:687] EXEC:   Control flow: if condition = true
14:23:54.5151056 [DEBUG] (1) wfl::interpreter: [C:\logbie\wfl\src\interpreter\mod.rs:693] EXEC:     ┌─ Block entry: if branch
14:23:54.5151514 [DEBUG] (1) wfl::interpreter: [C:\logbie\wfl\src\interpreter\mod.rs:1921] EXEC:       Function call: log_message("Debug: Skipping even number 2")
14:23:54.5151954 [DEBUG] (1) wfl::interpreter: [C:\logbie\wfl\src\interpreter\mod.rs:2169] EXEC:       Declaration: 'message_text' = "Debug: Skipping even number 2"
14:23:54.5152411 [DEBUG] (1) wfl::interpreter: [C:\logbie\wfl\src\interpreter\mod.rs:2184] EXEC:       ┌─ Block entry: function log_message
14:23:54.5153473 [DEBUG] (1) wfl::interpreter: [C:\logbie\wfl\src\interpreter\mod.rs:2194] EXEC:         └─ Block exit: function log_message
14:23:54.5153907 [DEBUG] (1) wfl::interpreter: [C:\logbie\wfl\src\interpreter\mod.rs:1932] EXEC:       Function return: log_message = null
14:23:54.5154348 [DEBUG] (1) wfl::interpreter: [C:\logbie\wfl\src\interpreter\mod.rs:696] EXEC:     └─ Block exit: if branch
14:23:54.5154775 [DEBUG] (1) wfl::interpreter: [C:\logbie\wfl\src\interpreter\mod.rs:671] EXEC:   Assignment: 'count2' = 3
14:23:54.5155225 [DEBUG] (1) wfl::interpreter: [C:\logbie\wfl\src\interpreter\mod.rs:687] EXEC:   Control flow: if condition = false
14:23:54.5155631 [DEBUG] (1) wfl::interpreter: [C:\logbie\wfl\src\interpreter\mod.rs:687] EXEC:   Control flow: if condition = false
14:23:54.5156097 [DEBUG] (1) wfl::interpreter: [C:\logbie\wfl\src\interpreter\mod.rs:1921] EXEC:   Function call: log_message("Debug: Adding odd number 3 to total_odds")
14:23:54.5156538 [DEBUG] (1) wfl::interpreter: [C:\logbie\wfl\src\interpreter\mod.rs:2169] EXEC:   Declaration: 'message_text' = "Debug: Adding odd number 3 to total_odds"
14:23:54.5156991 [DEBUG] (1) wfl::interpreter: [C:\logbie\wfl\src\interpreter\mod.rs:2184] EXEC:   ┌─ Block entry: function log_message
14:23:54.5157741 [DEBUG] (1) wfl::interpreter: [C:\logbie\wfl\src\interpreter\mod.rs:2194] EXEC:     └─ Block exit: function log_message
14:23:54.5158182 [DEBUG] (1) wfl::interpreter: [C:\logbie\wfl\src\interpreter\mod.rs:1932] EXEC:   Function return: log_message = null
14:23:54.5158652 [DEBUG] (1) wfl::interpreter: [C:\logbie\wfl\src\interpreter\mod.rs:671] EXEC:   Assignment: 'total_odds' = 4
14:23:54.5159138 [DEBUG] (1) wfl::interpreter: [C:\logbie\wfl\src\interpreter\mod.rs:671] EXEC:   Assignment: 'count2' = 4
14:23:54.5159597 [DEBUG] (1) wfl::interpreter: [C:\logbie\wfl\src\interpreter\mod.rs:687] EXEC:   Control flow: if condition = false
14:23:54.5160015 [DEBUG] (1) wfl::interpreter: [C:\logbie\wfl\src\interpreter\mod.rs:687] EXEC:   Control flow: if condition = true
14:23:54.5160414 [DEBUG] (1) wfl::interpreter: [C:\logbie\wfl\src\interpreter\mod.rs:693] EXEC:     ┌─ Block entry: if branch
14:23:54.5160872 [DEBUG] (1) wfl::interpreter: [C:\logbie\wfl\src\interpreter\mod.rs:1921] EXEC:       Function call: log_message("Debug: Skipping even number 4")
14:23:54.5161329 [DEBUG] (1) wfl::interpreter: [C:\logbie\wfl\src\interpreter\mod.rs:2169] EXEC:       Declaration: 'message_text' = "Debug: Skipping even number 4"
14:23:54.5161799 [DEBUG] (1) wfl::interpreter: [C:\logbie\wfl\src\interpreter\mod.rs:2184] EXEC:       ┌─ Block entry: function log_message
14:23:54.5162588 [DEBUG] (1) wfl::interpreter: [C:\logbie\wfl\src\interpreter\mod.rs:2194] EXEC:         └─ Block exit: function log_message
14:23:54.5163032 [DEBUG] (1) wfl::interpreter: [C:\logbie\wfl\src\interpreter\mod.rs:1932] EXEC:       Function return: log_message = null
14:23:54.5163512 [DEBUG] (1) wfl::interpreter: [C:\logbie\wfl\src\interpreter\mod.rs:696] EXEC:     └─ Block exit: if branch
14:23:54.5163949 [DEBUG] (1) wfl::interpreter: [C:\logbie\wfl\src\interpreter\mod.rs:671] EXEC:   Assignment: 'count2' = 5
14:23:54.5164415 [DEBUG] (1) wfl::interpreter: [C:\logbie\wfl\src\interpreter\mod.rs:687] EXEC:   Control flow: if condition = false
14:23:54.5164837 [DEBUG] (1) wfl::interpreter: [C:\logbie\wfl\src\interpreter\mod.rs:687] EXEC:   Control flow: if condition = false
14:23:54.5165312 [DEBUG] (1) wfl::interpreter: [C:\logbie\wfl\src\interpreter\mod.rs:1921] EXEC:   Function call: log_message("Debug: Adding odd number 5 to total_odds")
14:23:54.516577 [DEBUG] (1) wfl::interpreter: [C:\logbie\wfl\src\interpreter\mod.rs:2169] EXEC:   Declaration: 'message_text' = "Debug: Adding odd number 5 to total_odds"
14:23:54.5166241 [DEBUG] (1) wfl::interpreter: [C:\logbie\wfl\src\interpreter\mod.rs:2184] EXEC:   ┌─ Block entry: function log_message
14:23:54.5166939 [DEBUG] (1) wfl::interpreter: [C:\logbie\wfl\src\interpreter\mod.rs:2194] EXEC:     └─ Block exit: function log_message
14:23:54.5167375 [DEBUG] (1) wfl::interpreter: [C:\logbie\wfl\src\interpreter\mod.rs:1932] EXEC:   Function return: log_message = null
14:23:54.5167842 [DEBUG] (1) wfl::interpreter: [C:\logbie\wfl\src\interpreter\mod.rs:671] EXEC:   Assignment: 'total_odds' = 9
14:23:54.5168333 [DEBUG] (1) wfl::interpreter: [C:\logbie\wfl\src\interpreter\mod.rs:687] EXEC: Control flow: if condition = true
14:23:54.5168718 [DEBUG] (1) wfl::interpreter: [C:\logbie\wfl\src\interpreter\mod.rs:693] EXEC:   ┌─ Block entry: if branch
14:23:54.5169144 [DEBUG] (1) wfl::interpreter: [C:\logbie\wfl\src\interpreter\mod.rs:1921] EXEC:     Function call: log_message("Loop continue/skip test (sum of odds 1-5): PASS")
14:23:54.5169585 [DEBUG] (1) wfl::interpreter: [C:\logbie\wfl\src\interpreter\mod.rs:2169] EXEC:     Declaration: 'message_text' = "Loop continue/skip test (sum of odds 1-5): PASS"
14:23:54.517004 [DEBUG] (1) wfl::interpreter: [C:\logbie\wfl\src\interpreter\mod.rs:2184] EXEC:     ┌─ Block entry: function log_message
14:23:54.5170961 [DEBUG] (1) wfl::interpreter: [C:\logbie\wfl\src\interpreter\mod.rs:2194] EXEC:       └─ Block exit: function log_message
14:23:54.5171546 [DEBUG] (1) wfl::interpreter: [C:\logbie\wfl\src\interpreter\mod.rs:1932] EXEC:     Function return: log_message = null
14:23:54.5171989 [DEBUG] (1) wfl::interpreter: [C:\logbie\wfl\src\interpreter\mod.rs:696] EXEC:   └─ Block exit: if branch
